<?xml version="1.0" encoding="UTF-8"?>
<!-- Generated by org.testng.reporters.JUnitReportReporter -->
<testsuite skipped="0" hostname="JyotiLP" name="src.test.java.com.amazon.testcases.VerifySearchBox" tests="1" failures="0" timestamp="2021-06-30T18:41:43 IST" time="18.415" errors="0">
  <testcase name="checkSearchBoxField" time="18.415" classname="src.test.java.com.amazon.testcases.VerifySearchBox"/>
</testsuite> <!-- src.test.java.com.amazon.testcases.VerifySearchBox -->
