<?xml version="1.0" encoding="UTF-8"?>
<!-- Generated by org.testng.reporters.JUnitReportReporter -->
<testsuite skipped="0" hostname="JyotiLP" name="com.rediff.runner.MyRunnerTestNG" tests="1" failures="0" timestamp="11 May 2021 13:07:51 GMT" time="17.684" errors="0">
  <testcase name="runScenario" time="17.684" classname="com.rediff.runner.MyRunnerTestNG"/>
</testsuite> <!-- com.rediff.runner.MyRunnerTestNG -->
