<?xml version="1.0" encoding="UTF-8"?>
<!-- Generated by org.testng.reporters.JUnitReportReporter -->
<testsuite skipped="0" hostname="JyotiLP" name="com.rediff.runner.MyRunnerTestJunit" tests="1" failures="0" timestamp="11 May 2021 12:58:11 GMT" time="12.247" errors="0">
  <testcase name="runScenario" time="12.247" classname="com.rediff.runner.MyRunnerTestJunit"/>
</testsuite> <!-- com.rediff.runner.MyRunnerTestJunit -->
