<?xml version="1.0" encoding="UTF-8"?>
<!-- Generated by org.testng.reporters.JUnitReportReporter -->
<testsuite skipped="0" hostname="JyotiLP" name="com.pilot.testcases.VerifyDescription" tests="1" failures="0" timestamp="2021-04-25T15:24:49 IST" time="13.783" errors="0">
  <testcase name="verifyDescription" time="13.783" classname="com.pilot.testcases.VerifyDescription"/>
</testsuite> <!-- com.pilot.testcases.VerifyDescription -->
