<?xml version="1.0" encoding="UTF-8"?>
<!-- Generated by org.testng.reporters.JUnitReportReporter -->
<testsuite skipped="0" hostname="JyotiLP" name="com.pilot.testcases.VerifyMobile" tests="1" failures="0" timestamp="2021-04-25T15:24:49 IST" time="10.221" errors="0">
  <testcase name="verifyPilomobile" time="10.221" classname="com.pilot.testcases.VerifyMobile"/>
</testsuite> <!-- com.pilot.testcases.VerifyMobile -->
