<?xml version="1.0" encoding="UTF-8"?>
<!-- Generated by org.testng.reporters.JUnitReportReporter -->
<testsuite skipped="0" hostname="JyotiLP" name="com.pilot.testcases.VerifyPilotNameEmail" tests="1" failures="0" timestamp="2021-04-26T17:23:18 IST" time="27.300" errors="0">
  <testcase name="verifyPiloNameEmail" time="27.300" classname="com.pilot.testcases.VerifyPilotNameEmail"/>
</testsuite> <!-- com.pilot.testcases.VerifyPilotNameEmail -->
