<?xml version="1.0" encoding="UTF-8"?>
<!-- Generated by org.testng.reporters.JUnitReportReporter -->
<testsuite skipped="0" hostname="JyotiLP" name="com.pilot.testcases.VerifyDescription" tests="1" failures="0" timestamp="2021-04-26T17:09:09 IST" time="23.741" errors="0">
  <testcase name="verifyDescription" time="23.741" classname="com.pilot.testcases.VerifyDescription"/>
</testsuite> <!-- com.pilot.testcases.VerifyDescription -->
