<?xml version="1.0" encoding="UTF-8"?>
<!-- Generated by org.testng.reporters.JUnitReportReporter -->
<testsuite skipped="0" hostname="JyotiLP" name="com.pilot.testcases.VerifyPilotNameEmail" tests="1" failures="0" timestamp="2021-04-25T15:24:49 IST" time="42.648" errors="0">
  <testcase name="verifyPiloNameEmail" time="42.648" classname="com.pilot.testcases.VerifyPilotNameEmail"/>
</testsuite> <!-- com.pilot.testcases.VerifyPilotNameEmail -->
